EnglishArabicAmharicDictionary/arabicamharicDictionary/proguard-rules.txt
-dontwarn com.jeremyfeinstein.slidingmenu.lib.CustomViewAbove