EnglishArabicAmharicDictionary/arabicamharicDictionary/build/outputs/mapping/release/seeds.txt
com.nippt.arabicamharicdictionary.R$anim: int abc_fade_in
com.nippt.arabicamharicdictionary.R$anim: int abc_fade_out
com.nippt.arabicamharicdictionary.R$anim: int abc_grow_fade_in_from_bottom
com.nippt.arabicamharicdictionary.R$anim: int abc_popup_enter
com.nippt.arabicamharicdictionary.R$anim: int abc_popup_exit
com.nippt.arabicamharicdictionary.R$anim: int abc_shrink_fade_out_from_bottom
com.nippt.arabicamharicdictionary.R$anim: int abc_slide_in_bottom
com.nippt.arabicamharicdictionary.R$anim: int abc_slide_in_top
com.nippt.arabicamharicdictionary.R$anim: int abc_slide_out_bottom
com.nippt.arabicamharicdictionary.R$anim: int abc_slide_out_top
com.nippt.arabicamharicdictionary.R$anim: int design_appbar_state_list_animator
com.nippt.arabicamharicdictionary.R$anim: int design_bottom_sheet_slide_in
com.nippt.arabicamharicdictionary.R$anim: int design_bottom_sheet_slide_out
com.nippt.arabicamharicdictionary.R$anim: int design_fab_in
com.nippt.arabicamharicdictionary.R$anim: int design_fab_out
com.nippt.arabicamharicdictionary.R$anim: int design_snackbar_in
com.nippt.arabicamharicdictionary.R$anim: int design_snackbar_out
com.nippt.arabicamharicdictionary.R$array: int category_array
com.nippt.arabicamharicdictionary.R$attr: int actionBarDivider
com.nippt.arabicamharicdictionary.R$attr: int actionBarItemBackground
com.nippt.arabicamharicdictionary.R$attr: int actionBarPopupTheme
com.nippt.arabicamharicdictionary.R$attr: int actionBarSize
com.nippt.arabicamharicdictionary.R$attr: int actionBarSplitStyle
com.nippt.arabicamharicdictionary.R$attr: int actionBarStyle
com.nippt.arabicamharicdictionary.R$attr: int actionBarTabBarStyle
com.nippt.arabicamharicdictionary.R$attr: int actionBarTabStyle
com.nippt.arabicamharicdictionary.R$attr: int actionBarTabTextStyle
com.nippt.arabicamharicdictionary.R$attr: int actionBarTheme
com.nippt.arabicamharicdictionary.R$attr: int actionBarWidgetTheme
com.nippt.arabicamharicdictionary.R$attr: int actionButtonStyle
com.nippt.arabicamharicdictionary.R$attr: int actionDropDownStyle
com.nippt.arabicamharicdictionary.R$attr: int actionLayout
com.nippt.arabicamharicdictionary.R$attr: int actionMenuTextAppearance
com.nippt.arabicamharicdictionary.R$attr: int actionMenuTextColor
com.nippt.arabicamharicdictionary.R$attr: int actionModeBackground
com.nippt.arabicamharicdictionary.R$attr: int actionModeCloseButtonStyle
com.nippt.arabicamharicdictionary.R$attr: int actionModeCloseDrawable
com.nippt.arabicamharicdictionary.R$attr: int actionModeCopyDrawable
com.nippt.arabicamharicdictionary.R$attr: int actionModeCutDrawable
com.nippt.arabicamharicdictionary.R$attr: int actionModeFindDrawable
com.nippt.arabicamharicdictionary.R$bool: int abc_action_bar_embed_tabs
com.nippt.arabicamharicdictionary.R$bool: int abc_allow_stacked_button_bar
com.nippt.arabicamharicdictionary.R$bool: int abc_config_actionMenuItemAllCaps
com.nippt.arabicamharicdictionary.R$bool: int abc_config_closeDialogWhenTouchOutside
com.nippt.arabicamharicdictionary.R$bool: int abc_config_showMenuShortcutsWhenKeyboardPresent
...
com.google.android.gms.common.internal.AuthAccountRequest
com.google.android.gms.common.internal.AuthAccountRequest: android.os.Parcelable$Creator CREATOR
com.google.android.gms.common.internal.BinderWrapper
com.google.android.gms.common.internal.BinderWrapper: android.os.Parcelable$Creator CREATOR
com.google.android.gms.common.internal.DowngradeableSafeParcel
com.google.android.gms.common.internal.GetServiceRequest
com.google.android.gms.common.internal.GetServiceRequest: android.os.Parcelable$Creator CREATOR
com.google.android.gms.common.internal.ResolveAccountRequest
com.google.android.gms.common.internal.ResolveAccountRequest: android.os.Parcelable$Creator CREATOR
com.google.android.gms.common.internal.ResolveAccountResponse
com.google.android.gms.common.internal.ResolveAccountResponse: android.os.Parcelable$Creator CREATOR
com.google.android.gms.common.internal.ValidateAccountRequest
com.google.android.gms.common.internal.ValidateAccountRequest: android.os.Parcelable$Creator CREATOR
com.google.android.gms.common.internal.safeparcel.SafeParcelable
com.google.android.gms.common.internal.safeparcel.SafeParcelable: java.lang.String NULL
com.google.android.gms.common.server.FavaDiagnosticsEntity
com.google.android.gms.common.server.FavaDiagnosticsEntity: com.google.android.gms.common.server.zza CREATOR
com.google.android.gms.common.server.converter.ConverterWrapper
com.google.android.gms.common.server.converter.ConverterWrapper: com.google.android.gms.common.server.converter.zza CREATOR
com.google.android.gms.common.server.converter.StringToIntConverter
com.google.android.gms.common.server.converter.StringToIntConverter: com.google.android.gms.common.server.converter.zzb CREATOR
com.google.android.gms.common.server.converter.StringToIntConverter$Entry
com.google.android.gms.common.server.converter.StringToIntConverter$Entry: com.google.android.gms.common.server.converter.zzc CREATOR
com.google.android.gms.common.server.response.FastJsonResponse$Field
com.google.android.gms.common.server.response.FastJsonResponse$Field: com.google.android.gms.common.server.response.zza CREATOR
com.google.android.gms.common.server.response.FastSafeParcelableJsonResponse
com.google.android.gms.common.server.response.FieldMappingDictionary
com.google.android.gms.common.server.response.FieldMappingDictionary: com.google.android.gms.common.server.response.zzc CREATOR
com.google.android.gms.common.server.response.FieldMappingDictionary$Entry
com.google.android.gms.common.server.response.FieldMappingDictionary$Entry: com.google.android.gms.common.server.response.zzd CREATOR
com.google.android.gms.common.server.response.FieldMappingDictionary$FieldMapPair
com.google.android.gms.common.server.response.FieldMappingDictionary$FieldMapPair: com.google.android.gms.common.server.response.zzb CREATOR
com.google.android.gms.common.server.response.SafeParcelResponse
com.google.android.gms.common.server.response.SafeParcelResponse: com.google.android.gms.common.server.response.zze CREATOR
com.google.android.gms.common.stats.ConnectionEvent
com.google.android.gms.common.stats.ConnectionEvent: android.os.Parcelable$Creator CREATOR
com.google.android.gms.common.stats.WakeLockEvent
com.google.android.gms.common.stats.WakeLockEvent: android.os.Parcelable$Creator CREATOR
com.google.android.gms.dynamite.descriptors.com.google.android.gms.flags.ModuleDescriptor
com.google.android.gms.dynamite.descriptors.com.google.android.gms.flags.ModuleDescriptor: java.lang.String MODULE_ID
com.google.android.gms.dynamite.descriptors.com.google.android.gms.flags.ModuleDescriptor: int MODULE_VERSION