EnglishArabicAmharicDictionary/arabicamharicDictionary/build/outputs/mapping/release/mapping.txt
com.nippt.arabicamharicdictionary.adapter.FavouriteAdapter -> com.nippt.arabicamharicdictionary.a.a:
    java.util.ArrayList mDataList -> a
    android.content.Context mContext -> c
    android.graphics.Typeface mFont -> d
    com.nippt.arabicamharicdictionary.free.listener.FavListener mListener -> b
    25:28:void <init>(android.content.Context) -> <init>
    44:46:int getCount() -> getCount
    51:53:java.lang.Object getItem(int) -> getItem
    58:58:long getItemId(int) -> getItemId
    64:88:android.view.View getView(int,android.view.View,android.view.ViewGroup) -> getView
    1031:1031:java.lang.String com.nippt.arabicamharicdictionary.model.Word.getEnglishWord():31:31 -> getView
    1031:1031:android.view.View getView(int,android.view.View,android.view.ViewGroup):77 -> getView
    2023:2023:java.lang.String com.nippt.arabicamharicdictionary.model.Word.getArabicWord():23:23 -> getView
    2023:2023:android.view.View getView(int,android.view.View,android.view.ViewGroup):78 -> getView
    2039:2039:int com.nippt.arabicamharicdictionary.model.Word.getWordId():39:39 -> getView
    2039:2039:android.view.View getView(int,android.view.View,android.view.ViewGroup):79 -> getView
    19:19:java.util.ArrayList access$000(com.nippt.arabicamharicdictionary.adapter.FavouriteAdapter) -> a
    19:19:com.nippt.arabicamharicdictionary.free.listener.FavListener access$100(com.nippt.arabicamharicdictionary.adapter.FavouriteAdapter) -> b
com.nippt.arabicamharicdictionary.adapter.FavouriteAdapter$1 -> com.nippt.arabicamharicdictionary.a.b:
    int val$position -> a
    com.nippt.arabicamharicdictionary.adapter.FavouriteAdapter this$0 -> b
    80:80:void <init>(com.nippt.arabicamharicdictionary.adapter.FavouriteAdapter,int) -> <init>
    84:85:void onClick(android.view.View) -> onClick
    1039:1039:int com.nippt.arabicamharicdictionary.model.Word.getWordId():39:39 -> onClick
    1039:1039:void onClick(android.view.View):84 -> onClick
com.nippt.arabicamharicdictionary.adapter.FavouriteAdapter$ViewHolder -> com.nippt.arabicamharicdictionary.a.a$a:
    android.widget.TextView engWord -> a
    android.widget.TextView amWord -> b
    android.widget.ImageView removeBtn -> c
    int wordId -> d
    91:91:void <init>() -> <init>
com.nippt.arabicamharicdictionary.adapter.HistoryAdapter -> com.nippt.arabicamharicdictionary.a.c:
    java.util.ArrayList mDataList -> a
    android.content.Context mContext -> c
    android.graphics.Typeface mFont -> d
    com.nippt.arabicamharicdictionary.free.listener.HistoryListener mListener -> b
    26:30:void <init>(android.content.Context) -> <init>
    46:48:int getCount() -> getCount
    53:55:java.lang.Object getItem(int) -> getItem
    60:60:long getItemId(int) -> getItemId
    68:96:android.view.View getView(int,android.view.View,android.view.ViewGroup) -> getView
    1031:1031:java.lang.String com.nippt.arabicamharicdictionary.model.Word.getEnglishWord():31:31 -> getView
    1031:1031:android.view.View getView(int,android.view.View,android.view.ViewGroup):82 -> getView
    2023:2023:java.lang.String com.nippt.arabicamharicdictionary.model.Word.getArabicWord():23:23 -> getView
    2023:2023:android.view.View getView(int,android.view.View,android.view.ViewGroup):83 -> getView
    3018:3018:int com.nippt.arabicamharicdictionary.free.database.History.getmFavourite():18:18 -> getView
    3018:3018:android.view.View getView(int,android.view.View,android.view.ViewGroup):84 -> getView
    20:20:java.util.ArrayList access$000(com.nippt.arabicamharicdictionary.adapter.HistoryAdapter) -> a
    20:20:com.nippt.arabicamharicdictionary.free.listener.HistoryListener access$100(com.nippt.arabicamharicdictionary.adapter.HistoryAdapter) -> b
...
android.support.v7.widget.RecyclerView$6 -> android.support.v7.widget.by:
    android.support.v7.widget.RecyclerView this$0 -> a
    741:741:void <init>(android.support.v7.widget.RecyclerView) -> <init>
    744:756:android.support.v7.widget.RecyclerView$ViewHolder findViewHolder(int) -> a
    11101:11123:android.support.v7.widget.RecyclerView$ViewHolder android.support.v7.widget.RecyclerView.findViewHolderForPosition(int,boolean):4101:4123 -> a
    11101:11123:android.support.v7.widget.RecyclerView$ViewHolder findViewHolder(int):744 -> a
    761:764:void offsetPositionsForRemovingInvisible(int,int) -> a
    11547:11547:int android.support.v7.widget.RecyclerView$State.access$1700(android.support.v7.widget.RecyclerView$State):10547:10547 -> a
    11547:11547:void offsetPositionsForRemovingInvisible(int,int):763 -> a
    12547:12547:int android.support.v7.widget.RecyclerView$State.access$1702(android.support.v7.widget.RecyclerView$State,int):10547:10547 -> a
    12547:12547:void offsetPositionsForRemovingInvisible(int,int):763 -> a
    768:770:void offsetPositionsForRemovingLaidOutOrNewView(int,int) -> b
    774:776:void markViewHoldersUpdated(int,int,java.lang.Object) -> a
    12816:12835:void android.support.v7.widget.RecyclerView.viewRangeUpdate(int,int,java.lang.Object):3816:3835 -> a
    12816:12835:void markViewHoldersUpdated(int,int,java.lang.Object):774 -> a
    13629:13645:void android.support.v7.widget.RecyclerView$Recycler.viewRangeUpdate(int,int):5629:5645 -> a
android.support.v7.widget.RecyclerView$Adapter -> android.support.v7.widget.RecyclerView$a:
    android.support.v7.widget.RecyclerView$AdapterDataObservable mObservable -> d
    boolean mHasStableIds -> e
    5743:5745:void <init>() -> <init>
    android.support.v7.widget.RecyclerView$ViewHolder onCreateViewHolder(android.view.ViewGroup,int) -> a
    void onBindViewHolder(android.support.v7.widget.RecyclerView$ViewHolder,int) -> a
    5877:5877:int getItemViewType(int) -> b
    5905:5905:long getItemId(int) -> a
    int getItemCount() -> a
    5944:5944:void onViewRecycled(android.support.v7.widget.RecyclerView$ViewHolder) -> a
android.support.v7.widget.RecyclerView$AdapterDataObservable -> android.support.v7.widget.RecyclerView$b:
    10434:10434:void <init>() -> <init>
    10444:10447:void notifyChanged() -> a
android.support.v7.widget.RecyclerView$AdapterDataObserver -> android.support.v7.widget.RecyclerView$c:
    9968:9968:void <init>() -> <init>
    9971:9971:void onChanged() -> a
android.support.v7.widget.RecyclerView$ChildDrawingOrderCallback -> android.support.v7.widget.RecyclerView$d:
    int onGetChildDrawingOrder$255f288() -> a