EnglishArabicAmharicDictionary/arabicamharicDictionary/build/outputs/mapping/release/usage.txt
com.nippt.arabicamharicdictionary.BuildConfig
com.nippt.arabicamharicdictionary.R
com.nippt.arabicamharicdictionary.R$anim
com.nippt.arabicamharicdictionary.R$array
com.nippt.arabicamharicdictionary.R$attr
com.nippt.arabicamharicdictionary.R$bool
com.nippt.arabicamharicdictionary.R$color
com.nippt.arabicamharicdictionary.R$dimen
com.nippt.arabicamharicdictionary.R$drawable
com.nippt.arabicamharicdictionary.R$id
com.nippt.arabicamharicdictionary.R$integer
com.nippt.arabicamharicdictionary.R$layout
com.nippt.arabicamharicdictionary.R$menu
com.nippt.arabicamharicdictionary.R$string
com.nippt.arabicamharicdictionary.R$style
com.nippt.arabicamharicdictionary.R$styleable
com.nippt.arabicamharicdictionary.R$xml
com.nippt.arabicamharicdictionary.adapter.GridAdapter
com.nippt.arabicamharicdictionary.free.BaseActivity:
    private static final java.lang.String EMAIL_FEED_BACK
    private static final java.lang.String SUBJECT_EMAIL
    168:191:private void showUpgradeDialog()
com.nippt.arabicamharicdictionary.free.BaseActivity$2
com.nippt.arabicamharicdictionary.free.BaseActivity$3
com.nippt.arabicamharicdictionary.free.Const
com.nippt.arabicamharicdictionary.free.CustomKeyboard:
    public static final int CodeDelete
    public static final int CodeLeft
    public static final int CodeRight
    public static final int CodeSarch
com.nippt.arabicamharicdictionary.free.SearchActivity:
    public static final java.lang.String KEY_DETAIL_WORD
    private static final java.lang.String SHARE_MESSAGE
    private static final int CHECK_TTS_DATA_CODE
    342:344:private int getIndentifier(java.lang.String)
com.nippt.arabicamharicdictionary.free.SplashActivity:
    java.io.File flagFile
    private static final int DELAY_TIME
com.nippt.arabicamharicdictionary.free.Utils:
    15:17:private Utils()
    30:30:public static java.lang.String getDateString(java.util.Date)
    40:45:public static java.util.List getStringList(java.util.List)
    54:55:public static void hideSoftKeyboard(android.app.Activity)
    58:60:public static void hideSoftKeyboard(android.content.Context,android.os.IBinder)
com.nippt.arabicamharicdictionary.free.database.DatabaseHelper:
    public static final java.lang.String DATABASE_NAME
    public static final int DATABASE_VERSION
com.nippt.arabicamharicdictionary.free.database.DbUtil:
    public static final java.lang.String ENGLISH_DICT_TABLE
    public static final java.lang.String ARABIC_DICT_TABLE
    public static final java.lang.String AMHARIC_DICT_TABLE
    public static final java.lang.String HISTORY_TABLE
    public static final java.lang.String FAVOURITE_TABLE
    public static final java.lang.String COL_ID
    public static final java.lang.String COL_WORD1
    public static final java.lang.String COL_WORD2
    public static final java.lang.String COL_WORD3
    public static final java.lang.String COL_WORDID
    public static final java.lang.String COL_ENG_WORD
    public static final java.lang.String COL_ARABIC_WORD
    public static final java.lang.String COL_AMHARIC_WORD
    public static final java.lang.String COL_FAVOURITE
    public static final java.lang.String COL_ADDED
    public static final java.lang.String COL_HISTORY
    34:36:private DbUtil()
com.nippt.arabicamharicdictionary.free.database.ItemAutoTextAdapter:
    83:83:public boolean isClose()
com.nippt.arabicamharicdictionary.free.widget.AutoCompleteDbAdapter:
    42:43:public void close()
    88:88:public boolean isClose()
...
android.support.v4.view.accessibility.AccessibilityManagerCompat$AccessibilityManagerKitKatImpl
android.support.v4.view.accessibility.AccessibilityManagerCompat$AccessibilityManagerKitKatImpl$1
android.support.v4.view.accessibility.AccessibilityManagerCompat$AccessibilityManagerStubImpl
android.support.v4.view.accessibility.AccessibilityManagerCompat$AccessibilityManagerVersionImpl
android.support.v4.view.accessibility.AccessibilityManagerCompat$AccessibilityStateChangeListener
android.support.v4.view.accessibility.AccessibilityManagerCompat$AccessibilityStateChangeListenerCompat
android.support.v4.view.accessibility.AccessibilityManagerCompat$TouchExplorationStateChangeListener
android.support.v4.view.accessibility.AccessibilityManagerCompatIcs
android.support.v4.view.accessibility.AccessibilityManagerCompatIcs$AccessibilityStateChangeListenerBridge
android.support.v4.view.accessibility.AccessibilityManagerCompatIcs$AccessibilityStateChangeListenerWrapper
android.support.v4.view.accessibility.AccessibilityManagerCompatKitKat
android.support.v4.view.accessibility.AccessibilityManagerCompatKitKat$1
android.support.v4.view.accessibility.AccessibilityManagerCompatKitKat$TouchExplorationStateChangeListenerBridge
android.support.v4.view.accessibility.AccessibilityManagerCompatKitKat$TouchExplorationStateChangeListenerWrapper
android.support.v4.view.accessibility.AccessibilityNodeInfoCompat:
    public static final int ACTION_FOCUS
    public static final int ACTION_CLEAR_FOCUS
    public static final int ACTION_SELECT
    public static final int ACTION_CLEAR_SELECTION
    public static final int ACTION_CLICK
    public static final int ACTION_LONG_CLICK
    public static final int ACTION_ACCESSIBILITY_FOCUS
    public static final int ACTION_CLEAR_ACCESSIBILITY_FOCUS
    public static final int ACTION_NEXT_AT_MOVEMENT_GRANULARITY
    public static final int ACTION_PREVIOUS_AT_MOVEMENT_GRANULARITY
    public static final int ACTION_NEXT_HTML_ELEMENT
    public static final int ACTION_PREVIOUS_HTML_ELEMENT
    public static final int ACTION_SCROLL_FORWARD
    public static final int ACTION_SCROLL_BACKWARD
    public static final int ACTION_COPY
    public static final int ACTION_PASTE
    public static final int ACTION_CUT
    public static final int ACTION_SET_SELECTION
    public static final int ACTION_EXPAND
    public static final int ACTION_COLLAPSE
    public static final int ACTION_DISMISS
    public static final int ACTION_SET_TEXT
    public static final java.lang.String ACTION_ARGUMENT_MOVEMENT_GRANULARITY_INT
    public static final java.lang.String ACTION_ARGUMENT_HTML_ELEMENT_STRING
    public static final java.lang.String ACTION_ARGUMENT_EXTEND_SELECTION_BOOLEAN
    public static final java.lang.String ACTION_ARGUMENT_SELECTION_START_INT
android.support.v4.view.accessibility.AccessibilityNodeInfoCompat$1
android.support.v4.view.accessibility.AccessibilityNodeInfoCompat$AccessibilityActionCompat:
    426:426:public int getId()
    436:436:public java.lang.CharSequence getLabel()
    38:38:synthetic AccessibilityNodeInfoCompat$AccessibilityActionCompat(java.lang.Object,android.support.v4.view.accessibility.AccessibilityNodeInfoCompat$1)